CRITICAL - 2021-12-24 21:23:15 --> syntax error, unexpected token "if"
#0 E:\xampp\htdocs\cod\system\View\View.php(217): CodeIgniter\View\View->CodeIgniter\View\{closure}()
#1 E:\xampp\htdocs\cod\system\Common.php(1097): CodeIgniter\View\View->render('login/st_regist...', Array, true)
#2 E:\xampp\htdocs\cod\app\Controllers\Signin.php(48): view('login/st_regist...')
#3 E:\xampp\htdocs\cod\system\CodeIgniter.php(824): App\Controllers\Signin->st_register()
#4 E:\xampp\htdocs\cod\system\CodeIgniter.php(410): CodeIgniter\CodeIgniter->runController(Object(App\Controllers\Signin))
#5 E:\xampp\htdocs\cod\system\CodeIgniter.php(318): CodeIgniter\CodeIgniter->handleRequest(NULL, Object(Config\Cache), false)
#6 E:\xampp\htdocs\cod\public\index.php(37): CodeIgniter\CodeIgniter->run()
#7 {main}
CRITICAL - 2021-12-24 21:23:34 --> syntax error, unexpected token "if"
#0 E:\xampp\htdocs\cod\system\View\View.php(217): CodeIgniter\View\View->CodeIgniter\View\{closure}()
#1 E:\xampp\htdocs\cod\system\Common.php(1097): CodeIgniter\View\View->render('login/st_regist...', Array, true)
#2 E:\xampp\htdocs\cod\app\Controllers\Signin.php(48): view('login/st_regist...')
#3 E:\xampp\htdocs\cod\system\CodeIgniter.php(824): App\Controllers\Signin->st_register()
#4 E:\xampp\htdocs\cod\system\CodeIgniter.php(410): CodeIgniter\CodeIgniter->runController(Object(App\Controllers\Signin))
#5 E:\xampp\htdocs\cod\system\CodeIgniter.php(318): CodeIgniter\CodeIgniter->handleRequest(NULL, Object(Config\Cache), false)
#6 E:\xampp\htdocs\cod\public\index.php(37): CodeIgniter\CodeIgniter->run()
#7 {main}
CRITICAL - 2021-12-24 21:23:49 --> syntax error, unexpected token "{"
#0 E:\xampp\htdocs\cod\system\View\View.php(217): CodeIgniter\View\View->CodeIgniter\View\{closure}()
#1 E:\xampp\htdocs\cod\system\Common.php(1097): CodeIgniter\View\View->render('login/st_regist...', Array, true)
#2 E:\xampp\htdocs\cod\app\Controllers\Signin.php(48): view('login/st_regist...')
#3 E:\xampp\htdocs\cod\system\CodeIgniter.php(824): App\Controllers\Signin->st_register()
#4 E:\xampp\htdocs\cod\system\CodeIgniter.php(410): CodeIgniter\CodeIgniter->runController(Object(App\Controllers\Signin))
#5 E:\xampp\htdocs\cod\system\CodeIgniter.php(318): CodeIgniter\CodeIgniter->handleRequest(NULL, Object(Config\Cache), false)
#6 E:\xampp\htdocs\cod\public\index.php(37): CodeIgniter\CodeIgniter->run()
#7 {main}
CRITICAL - 2021-12-24 21:25:44 --> syntax error, unexpected token "{"
#0 E:\xampp\htdocs\cod\system\View\View.php(217): CodeIgniter\View\View->CodeIgniter\View\{closure}()
#1 E:\xampp\htdocs\cod\system\Common.php(1097): CodeIgniter\View\View->render('login/st_regist...', Array, true)
#2 E:\xampp\htdocs\cod\app\Controllers\Signin.php(48): view('login/st_regist...')
#3 E:\xampp\htdocs\cod\system\CodeIgniter.php(824): App\Controllers\Signin->st_register()
#4 E:\xampp\htdocs\cod\system\CodeIgniter.php(410): CodeIgniter\CodeIgniter->runController(Object(App\Controllers\Signin))
#5 E:\xampp\htdocs\cod\system\CodeIgniter.php(318): CodeIgniter\CodeIgniter->handleRequest(NULL, Object(Config\Cache), false)
#6 E:\xampp\htdocs\cod\public\index.php(37): CodeIgniter\CodeIgniter->run()
#7 {main}
CRITICAL - 2021-12-24 21:26:01 --> syntax error, unexpected token "if"
#0 E:\xampp\htdocs\cod\system\View\View.php(217): CodeIgniter\View\View->CodeIgniter\View\{closure}()
#1 E:\xampp\htdocs\cod\system\Common.php(1097): CodeIgniter\View\View->render('login/st_regist...', Array, true)
#2 E:\xampp\htdocs\cod\app\Controllers\Signin.php(48): view('login/st_regist...')
#3 E:\xampp\htdocs\cod\system\CodeIgniter.php(824): App\Controllers\Signin->st_register()
#4 E:\xampp\htdocs\cod\system\CodeIgniter.php(410): CodeIgniter\CodeIgniter->runController(Object(App\Controllers\Signin))
#5 E:\xampp\htdocs\cod\system\CodeIgniter.php(318): CodeIgniter\CodeIgniter->handleRequest(NULL, Object(Config\Cache), false)
#6 E:\xampp\htdocs\cod\public\index.php(37): CodeIgniter\CodeIgniter->run()
#7 {main}
CRITICAL - 2021-12-24 21:30:14 --> syntax error, unexpected token "{"
#0 E:\xampp\htdocs\cod\system\View\View.php(217): CodeIgniter\View\View->CodeIgniter\View\{closure}()
#1 E:\xampp\htdocs\cod\system\Common.php(1097): CodeIgniter\View\View->render('login/st_regist...', Array, true)
#2 E:\xampp\htdocs\cod\app\Controllers\Signin.php(48): view('login/st_regist...')
#3 E:\xampp\htdocs\cod\system\CodeIgniter.php(824): App\Controllers\Signin->st_register()
#4 E:\xampp\htdocs\cod\system\CodeIgniter.php(410): CodeIgniter\CodeIgniter->runController(Object(App\Controllers\Signin))
#5 E:\xampp\htdocs\cod\system\CodeIgniter.php(318): CodeIgniter\CodeIgniter->handleRequest(NULL, Object(Config\Cache), false)
#6 E:\xampp\htdocs\cod\public\index.php(37): CodeIgniter\CodeIgniter->run()
#7 {main}
CRITICAL - 2021-12-24 21:32:54 --> Call to undefined function display_error()
#0 E:\xampp\htdocs\cod\system\View\View.php(214): include()
#1 E:\xampp\htdocs\cod\system\View\View.php(217): CodeIgniter\View\View->CodeIgniter\View\{closure}()
#2 E:\xampp\htdocs\cod\system\Common.php(1097): CodeIgniter\View\View->render('login/st_regist...', Array, true)
#3 E:\xampp\htdocs\cod\app\Controllers\Signin.php(48): view('login/st_regist...')
#4 E:\xampp\htdocs\cod\system\CodeIgniter.php(824): App\Controllers\Signin->st_register()
#5 E:\xampp\htdocs\cod\system\CodeIgniter.php(410): CodeIgniter\CodeIgniter->runController(Object(App\Controllers\Signin))
#6 E:\xampp\htdocs\cod\system\CodeIgniter.php(318): CodeIgniter\CodeIgniter->handleRequest(NULL, Object(Config\Cache), false)
#7 E:\xampp\htdocs\cod\public\index.php(37): CodeIgniter\CodeIgniter->run()
#8 {main}
CRITICAL - 2021-12-24 21:37:49 --> Call to undefined function App\Controllers\get_instance()
#0 E:\xampp\htdocs\cod\system\CodeIgniter.php(824): App\Controllers\Signin->st_register()
#1 E:\xampp\htdocs\cod\system\CodeIgniter.php(410): CodeIgniter\CodeIgniter->runController(Object(App\Controllers\Signin))
#2 E:\xampp\htdocs\cod\system\CodeIgniter.php(318): CodeIgniter\CodeIgniter->handleRequest(NULL, Object(Config\Cache), false)
#3 E:\xampp\htdocs\cod\public\index.php(37): CodeIgniter\CodeIgniter->run()
#4 {main}
CRITICAL - 2021-12-24 21:40:07 --> Undefined property: App\Controllers\Signin::$load
#0 E:\xampp\htdocs\cod\app\Controllers\Signin.php(47): CodeIgniter\Debug\Exceptions->errorHandler(2, 'Undefined prope...', 'E:\\xampp\\htdocs...', 47)
#1 E:\xampp\htdocs\cod\system\CodeIgniter.php(824): App\Controllers\Signin->st_register()
#2 E:\xampp\htdocs\cod\system\CodeIgniter.php(410): CodeIgniter\CodeIgniter->runController(Object(App\Controllers\Signin))
#3 E:\xampp\htdocs\cod\system\CodeIgniter.php(318): CodeIgniter\CodeIgniter->handleRequest(NULL, Object(Config\Cache), false)
#4 E:\xampp\htdocs\cod\public\index.php(37): CodeIgniter\CodeIgniter->run()
#5 {main}
CRITICAL - 2021-12-24 21:41:03 --> Call to undefined function display_error()
#0 E:\xampp\htdocs\cod\system\View\View.php(214): include()
#1 E:\xampp\htdocs\cod\system\View\View.php(217): CodeIgniter\View\View->CodeIgniter\View\{closure}()
#2 E:\xampp\htdocs\cod\system\Common.php(1097): CodeIgniter\View\View->render('login/st_regist...', Array, true)
#3 E:\xampp\htdocs\cod\app\Controllers\Signin.php(49): view('login/st_regist...')
#4 E:\xampp\htdocs\cod\system\CodeIgniter.php(824): App\Controllers\Signin->st_register()
#5 E:\xampp\htdocs\cod\system\CodeIgniter.php(410): CodeIgniter\CodeIgniter->runController(Object(App\Controllers\Signin))
#6 E:\xampp\htdocs\cod\system\CodeIgniter.php(318): CodeIgniter\CodeIgniter->handleRequest(NULL, Object(Config\Cache), false)
#7 E:\xampp\htdocs\cod\public\index.php(37): CodeIgniter\CodeIgniter->run()
#8 {main}
CRITICAL - 2021-12-24 21:42:04 --> Call to undefined function display_error()
#0 E:\xampp\htdocs\cod\system\View\View.php(214): include()
#1 E:\xampp\htdocs\cod\system\View\View.php(217): CodeIgniter\View\View->CodeIgniter\View\{closure}()
#2 E:\xampp\htdocs\cod\system\Common.php(1097): CodeIgniter\View\View->render('login/st_regist...', Array, true)
#3 E:\xampp\htdocs\cod\app\Controllers\Signin.php(49): view('login/st_regist...')
#4 E:\xampp\htdocs\cod\system\CodeIgniter.php(824): App\Controllers\Signin->st_register()
#5 E:\xampp\htdocs\cod\system\CodeIgniter.php(410): CodeIgniter\CodeIgniter->runController(Object(App\Controllers\Signin))
#6 E:\xampp\htdocs\cod\system\CodeIgniter.php(318): CodeIgniter\CodeIgniter->handleRequest(NULL, Object(Config\Cache), false)
#7 E:\xampp\htdocs\cod\public\index.php(37): CodeIgniter\CodeIgniter->run()
#8 {main}
CRITICAL - 2021-12-24 21:43:38 --> Call to undefined function display_error()
#0 E:\xampp\htdocs\cod\system\View\View.php(214): include()
#1 E:\xampp\htdocs\cod\system\View\View.php(217): CodeIgniter\View\View->CodeIgniter\View\{closure}()
#2 E:\xampp\htdocs\cod\system\Common.php(1097): CodeIgniter\View\View->render('login/st_regist...', Array, true)
#3 E:\xampp\htdocs\cod\app\Controllers\Signin.php(49): view('login/st_regist...')
#4 E:\xampp\htdocs\cod\system\CodeIgniter.php(824): App\Controllers\Signin->st_register()
#5 E:\xampp\htdocs\cod\system\CodeIgniter.php(410): CodeIgniter\CodeIgniter->runController(Object(App\Controllers\Signin))
#6 E:\xampp\htdocs\cod\system\CodeIgniter.php(318): CodeIgniter\CodeIgniter->handleRequest(NULL, Object(Config\Cache), false)
#7 E:\xampp\htdocs\cod\public\index.php(37): CodeIgniter\CodeIgniter->run()
#8 {main}
CRITICAL - 2021-12-24 21:44:08 --> Call to undefined function display_error()
#0 E:\xampp\htdocs\cod\system\View\View.php(214): include()
#1 E:\xampp\htdocs\cod\system\View\View.php(217): CodeIgniter\View\View->CodeIgniter\View\{closure}()
#2 E:\xampp\htdocs\cod\system\Common.php(1097): CodeIgniter\View\View->render('login/st_regist...', Array, true)
#3 E:\xampp\htdocs\cod\app\Controllers\Signin.php(49): view('login/st_regist...')
#4 E:\xampp\htdocs\cod\system\CodeIgniter.php(824): App\Controllers\Signin->st_register()
#5 E:\xampp\htdocs\cod\system\CodeIgniter.php(410): CodeIgniter\CodeIgniter->runController(Object(App\Controllers\Signin))
#6 E:\xampp\htdocs\cod\system\CodeIgniter.php(318): CodeIgniter\CodeIgniter->handleRequest(NULL, Object(Config\Cache), false)
#7 E:\xampp\htdocs\cod\public\index.php(37): CodeIgniter\CodeIgniter->run()
#8 {main}
CRITICAL - 2021-12-24 21:45:31 --> syntax error, unexpected token "if"
#0 E:\xampp\htdocs\cod\system\View\View.php(217): CodeIgniter\View\View->CodeIgniter\View\{closure}()
#1 E:\xampp\htdocs\cod\system\Common.php(1097): CodeIgniter\View\View->render('login/st_regist...', Array, true)
#2 E:\xampp\htdocs\cod\app\Controllers\Signin.php(49): view('login/st_regist...')
#3 E:\xampp\htdocs\cod\system\CodeIgniter.php(824): App\Controllers\Signin->st_register()
#4 E:\xampp\htdocs\cod\system\CodeIgniter.php(410): CodeIgniter\CodeIgniter->runController(Object(App\Controllers\Signin))
#5 E:\xampp\htdocs\cod\system\CodeIgniter.php(318): CodeIgniter\CodeIgniter->handleRequest(NULL, Object(Config\Cache), false)
#6 E:\xampp\htdocs\cod\public\index.php(37): CodeIgniter\CodeIgniter->run()
#7 {main}
CRITICAL - 2021-12-24 21:46:50 --> Call to undefined function display_error()
#0 E:\xampp\htdocs\cod\system\View\View.php(214): include()
#1 E:\xampp\htdocs\cod\system\View\View.php(217): CodeIgniter\View\View->CodeIgniter\View\{closure}()
#2 E:\xampp\htdocs\cod\system\Common.php(1097): CodeIgniter\View\View->render('login/st_regist...', Array, true)
#3 E:\xampp\htdocs\cod\app\Controllers\Signin.php(49): view('login/st_regist...')
#4 E:\xampp\htdocs\cod\system\CodeIgniter.php(824): App\Controllers\Signin->st_register()
#5 E:\xampp\htdocs\cod\system\CodeIgniter.php(410): CodeIgniter\CodeIgniter->runController(Object(App\Controllers\Signin))
#6 E:\xampp\htdocs\cod\system\CodeIgniter.php(318): CodeIgniter\CodeIgniter->handleRequest(NULL, Object(Config\Cache), false)
#7 E:\xampp\htdocs\cod\public\index.php(37): CodeIgniter\CodeIgniter->run()
#8 {main}
CRITICAL - 2021-12-24 21:49:02 --> Call to undefined function display_error()
#0 E:\xampp\htdocs\cod\system\View\View.php(214): include()
#1 E:\xampp\htdocs\cod\system\View\View.php(217): CodeIgniter\View\View->CodeIgniter\View\{closure}()
#2 E:\xampp\htdocs\cod\system\Common.php(1097): CodeIgniter\View\View->render('login/st_regist...', Array, true)
#3 E:\xampp\htdocs\cod\app\Controllers\Signin.php(48): view('login/st_regist...')
#4 E:\xampp\htdocs\cod\system\CodeIgniter.php(824): App\Controllers\Signin->st_register()
#5 E:\xampp\htdocs\cod\system\CodeIgniter.php(410): CodeIgniter\CodeIgniter->runController(Object(App\Controllers\Signin))
#6 E:\xampp\htdocs\cod\system\CodeIgniter.php(318): CodeIgniter\CodeIgniter->handleRequest(NULL, Object(Config\Cache), false)
#7 E:\xampp\htdocs\cod\public\index.php(37): CodeIgniter\CodeIgniter->run()
#8 {main}
CRITICAL - 2021-12-24 21:56:00 --> Call to undefined function display_error()
#0 E:\xampp\htdocs\cod\system\View\View.php(214): include()
#1 E:\xampp\htdocs\cod\system\View\View.php(217): CodeIgniter\View\View->CodeIgniter\View\{closure}()
#2 E:\xampp\htdocs\cod\system\Common.php(1097): CodeIgniter\View\View->render('login/st_regist...', Array, true)
#3 E:\xampp\htdocs\cod\app\Controllers\Signin.php(48): view('login/st_regist...')
#4 E:\xampp\htdocs\cod\system\CodeIgniter.php(824): App\Controllers\Signin->st_register()
#5 E:\xampp\htdocs\cod\system\CodeIgniter.php(410): CodeIgniter\CodeIgniter->runController(Object(App\Controllers\Signin))
#6 E:\xampp\htdocs\cod\system\CodeIgniter.php(318): CodeIgniter\CodeIgniter->handleRequest(NULL, Object(Config\Cache), false)
#7 E:\xampp\htdocs\cod\public\index.php(37): CodeIgniter\CodeIgniter->run()
#8 {main}
CRITICAL - 2021-12-24 21:56:59 --> syntax error, unexpected token ";"
#0 E:\xampp\htdocs\cod\system\View\View.php(217): CodeIgniter\View\View->CodeIgniter\View\{closure}()
#1 E:\xampp\htdocs\cod\system\Common.php(1097): CodeIgniter\View\View->render('login/st_regist...', Array, true)
#2 E:\xampp\htdocs\cod\app\Controllers\Signin.php(48): view('login/st_regist...')
#3 E:\xampp\htdocs\cod\system\CodeIgniter.php(824): App\Controllers\Signin->st_register()
#4 E:\xampp\htdocs\cod\system\CodeIgniter.php(410): CodeIgniter\CodeIgniter->runController(Object(App\Controllers\Signin))
#5 E:\xampp\htdocs\cod\system\CodeIgniter.php(318): CodeIgniter\CodeIgniter->handleRequest(NULL, Object(Config\Cache), false)
#6 E:\xampp\htdocs\cod\public\index.php(37): CodeIgniter\CodeIgniter->run()
#7 {main}
CRITICAL - 2021-12-24 21:57:23 --> Call to undefined function display_error()
#0 E:\xampp\htdocs\cod\system\View\View.php(214): include()
#1 E:\xampp\htdocs\cod\system\View\View.php(217): CodeIgniter\View\View->CodeIgniter\View\{closure}()
#2 E:\xampp\htdocs\cod\system\Common.php(1097): CodeIgniter\View\View->render('login/st_regist...', Array, true)
#3 E:\xampp\htdocs\cod\app\Controllers\Signin.php(48): view('login/st_regist...')
#4 E:\xampp\htdocs\cod\system\CodeIgniter.php(824): App\Controllers\Signin->st_register()
#5 E:\xampp\htdocs\cod\system\CodeIgniter.php(410): CodeIgniter\CodeIgniter->runController(Object(App\Controllers\Signin))
#6 E:\xampp\htdocs\cod\system\CodeIgniter.php(318): CodeIgniter\CodeIgniter->handleRequest(NULL, Object(Config\Cache), false)
#7 E:\xampp\htdocs\cod\public\index.php(37): CodeIgniter\CodeIgniter->run()
#8 {main}
CRITICAL - 2021-12-24 22:24:11 --> Call to undefined function set_value()
#0 E:\xampp\htdocs\cod\system\View\View.php(214): include()
#1 E:\xampp\htdocs\cod\system\View\View.php(217): CodeIgniter\View\View->CodeIgniter\View\{closure}()
#2 E:\xampp\htdocs\cod\system\Common.php(1097): CodeIgniter\View\View->render('login/st_regist...', Array, true)
#3 E:\xampp\htdocs\cod\app\Controllers\Signin.php(89): view('login/st_regist...')
#4 E:\xampp\htdocs\cod\system\CodeIgniter.php(824): App\Controllers\Signin->st_register()
#5 E:\xampp\htdocs\cod\system\CodeIgniter.php(410): CodeIgniter\CodeIgniter->runController(Object(App\Controllers\Signin))
#6 E:\xampp\htdocs\cod\system\CodeIgniter.php(318): CodeIgniter\CodeIgniter->handleRequest(NULL, Object(Config\Cache), false)
#7 E:\xampp\htdocs\cod\public\index.php(37): CodeIgniter\CodeIgniter->run()
#8 {main}
CRITICAL - 2021-12-24 22:35:35 --> Call to undefined function set_value()
#0 E:\xampp\htdocs\cod\system\View\View.php(214): include()
#1 E:\xampp\htdocs\cod\system\View\View.php(217): CodeIgniter\View\View->CodeIgniter\View\{closure}()
#2 E:\xampp\htdocs\cod\system\Common.php(1097): CodeIgniter\View\View->render('login/st_regist...', Array, true)
#3 E:\xampp\htdocs\cod\app\Controllers\Signin.php(89): view('login/st_regist...')
#4 E:\xampp\htdocs\cod\system\CodeIgniter.php(824): App\Controllers\Signin->st_register()
#5 E:\xampp\htdocs\cod\system\CodeIgniter.php(410): CodeIgniter\CodeIgniter->runController(Object(App\Controllers\Signin))
#6 E:\xampp\htdocs\cod\system\CodeIgniter.php(318): CodeIgniter\CodeIgniter->handleRequest(NULL, Object(Config\Cache), false)
#7 E:\xampp\htdocs\cod\public\index.php(37): CodeIgniter\CodeIgniter->run()
#8 {main}
CRITICAL - 2021-12-24 22:40:00 --> Call to undefined function display_error()
#0 E:\xampp\htdocs\cod\system\View\View.php(214): include()
#1 E:\xampp\htdocs\cod\system\View\View.php(217): CodeIgniter\View\View->CodeIgniter\View\{closure}()
#2 E:\xampp\htdocs\cod\system\Common.php(1097): CodeIgniter\View\View->render('login/st_regist...', Array, true)
#3 E:\xampp\htdocs\cod\app\Controllers\Signin.php(90): view('login/st_regist...')
#4 E:\xampp\htdocs\cod\system\CodeIgniter.php(824): App\Controllers\Signin->st_register()
#5 E:\xampp\htdocs\cod\system\CodeIgniter.php(410): CodeIgniter\CodeIgniter->runController(Object(App\Controllers\Signin))
#6 E:\xampp\htdocs\cod\system\CodeIgniter.php(318): CodeIgniter\CodeIgniter->handleRequest(NULL, Object(Config\Cache), false)
#7 E:\xampp\htdocs\cod\public\index.php(37): CodeIgniter\CodeIgniter->run()
#8 {main}
CRITICAL - 2021-12-24 22:43:07 --> Call to undefined function display_error()
#0 E:\xampp\htdocs\cod\system\View\View.php(214): include()
#1 E:\xampp\htdocs\cod\system\View\View.php(217): CodeIgniter\View\View->CodeIgniter\View\{closure}()
#2 E:\xampp\htdocs\cod\system\Common.php(1097): CodeIgniter\View\View->render('login/st_regist...', Array, true)
#3 E:\xampp\htdocs\cod\app\Controllers\Signin.php(90): view('login/st_regist...')
#4 E:\xampp\htdocs\cod\system\CodeIgniter.php(824): App\Controllers\Signin->st_register()
#5 E:\xampp\htdocs\cod\system\CodeIgniter.php(410): CodeIgniter\CodeIgniter->runController(Object(App\Controllers\Signin))
#6 E:\xampp\htdocs\cod\system\CodeIgniter.php(318): CodeIgniter\CodeIgniter->handleRequest(NULL, Object(Config\Cache), false)
#7 E:\xampp\htdocs\cod\public\index.php(37): CodeIgniter\CodeIgniter->run()
#8 {main}
CRITICAL - 2021-12-24 22:45:50 --> Call to undefined function display_error()
#0 E:\xampp\htdocs\cod\system\View\View.php(214): include()
#1 E:\xampp\htdocs\cod\system\View\View.php(217): CodeIgniter\View\View->CodeIgniter\View\{closure}()
#2 E:\xampp\htdocs\cod\system\Common.php(1097): CodeIgniter\View\View->render('login/st_regist...', Array, true)
#3 E:\xampp\htdocs\cod\app\Controllers\Signin.php(90): view('login/st_regist...')
#4 E:\xampp\htdocs\cod\system\CodeIgniter.php(824): App\Controllers\Signin->st_register()
#5 E:\xampp\htdocs\cod\system\CodeIgniter.php(410): CodeIgniter\CodeIgniter->runController(Object(App\Controllers\Signin))
#6 E:\xampp\htdocs\cod\system\CodeIgniter.php(318): CodeIgniter\CodeIgniter->handleRequest(NULL, Object(Config\Cache), false)
#7 E:\xampp\htdocs\cod\public\index.php(37): CodeIgniter\CodeIgniter->run()
#8 {main}
CRITICAL - 2021-12-24 23:31:25 --> Invalid file: login/t_register.php
#0 E:\xampp\htdocs\cod\system\View\View.php(198): CodeIgniter\Exceptions\FrameworkException::forInvalidFile('login/t_registe...')
#1 E:\xampp\htdocs\cod\system\Common.php(1097): CodeIgniter\View\View->render('login/t_registe...', Array, true)
#2 E:\xampp\htdocs\cod\app\Controllers\Signin.php(177): view('login/t_registe...')
#3 E:\xampp\htdocs\cod\system\CodeIgniter.php(824): App\Controllers\Signin->t_register()
#4 E:\xampp\htdocs\cod\system\CodeIgniter.php(410): CodeIgniter\CodeIgniter->runController(Object(App\Controllers\Signin))
#5 E:\xampp\htdocs\cod\system\CodeIgniter.php(318): CodeIgniter\CodeIgniter->handleRequest(NULL, Object(Config\Cache), false)
#6 E:\xampp\htdocs\cod\public\index.php(37): CodeIgniter\CodeIgniter->run()
#7 {main}
CRITICAL - 2021-12-24 23:34:31 --> Invalid file: login/t_register.php
#0 E:\xampp\htdocs\cod\system\View\View.php(198): CodeIgniter\Exceptions\FrameworkException::forInvalidFile('login/t_registe...')
#1 E:\xampp\htdocs\cod\system\Common.php(1097): CodeIgniter\View\View->render('login/t_registe...', Array, true)
#2 E:\xampp\htdocs\cod\app\Controllers\Signin.php(177): view('login/t_registe...')
#3 E:\xampp\htdocs\cod\system\CodeIgniter.php(824): App\Controllers\Signin->t_register()
#4 E:\xampp\htdocs\cod\system\CodeIgniter.php(410): CodeIgniter\CodeIgniter->runController(Object(App\Controllers\Signin))
#5 E:\xampp\htdocs\cod\system\CodeIgniter.php(318): CodeIgniter\CodeIgniter->handleRequest(NULL, Object(Config\Cache), false)
#6 E:\xampp\htdocs\cod\public\index.php(37): CodeIgniter\CodeIgniter->run()
#7 {main}
CRITICAL - 2021-12-24 23:35:28 --> Invalid file: login/t_register.php
#0 E:\xampp\htdocs\cod\system\View\View.php(198): CodeIgniter\Exceptions\FrameworkException::forInvalidFile('login/t_registe...')
#1 E:\xampp\htdocs\cod\system\Common.php(1097): CodeIgniter\View\View->render('login/t_registe...', Array, true)
#2 E:\xampp\htdocs\cod\app\Controllers\Signin.php(177): view('login/t_registe...')
#3 E:\xampp\htdocs\cod\system\CodeIgniter.php(824): App\Controllers\Signin->t_register()
#4 E:\xampp\htdocs\cod\system\CodeIgniter.php(410): CodeIgniter\CodeIgniter->runController(Object(App\Controllers\Signin))
#5 E:\xampp\htdocs\cod\system\CodeIgniter.php(318): CodeIgniter\CodeIgniter->handleRequest(NULL, Object(Config\Cache), false)
#6 E:\xampp\htdocs\cod\public\index.php(37): CodeIgniter\CodeIgniter->run()
#7 {main}
CRITICAL - 2021-12-24 23:35:47 --> Invalid file: login/t_register.php
#0 E:\xampp\htdocs\cod\system\View\View.php(198): CodeIgniter\Exceptions\FrameworkException::forInvalidFile('login/t_registe...')
#1 E:\xampp\htdocs\cod\system\Common.php(1097): CodeIgniter\View\View->render('login/t_registe...', Array, true)
#2 E:\xampp\htdocs\cod\app\Controllers\Signin.php(177): view('login/t_registe...')
#3 E:\xampp\htdocs\cod\system\CodeIgniter.php(824): App\Controllers\Signin->t_register()
#4 E:\xampp\htdocs\cod\system\CodeIgniter.php(410): CodeIgniter\CodeIgniter->runController(Object(App\Controllers\Signin))
#5 E:\xampp\htdocs\cod\system\CodeIgniter.php(318): CodeIgniter\CodeIgniter->handleRequest(NULL, Object(Config\Cache), false)
#6 E:\xampp\htdocs\cod\public\index.php(37): CodeIgniter\CodeIgniter->run()
#7 {main}
CRITICAL - 2021-12-24 23:36:04 --> Invalid file: login/t_register.php
#0 E:\xampp\htdocs\cod\system\View\View.php(198): CodeIgniter\Exceptions\FrameworkException::forInvalidFile('login/t_registe...')
#1 E:\xampp\htdocs\cod\system\Common.php(1097): CodeIgniter\View\View->render('login/t_registe...', Array, true)
#2 E:\xampp\htdocs\cod\app\Controllers\Signin.php(177): view('login/t_registe...')
#3 E:\xampp\htdocs\cod\system\CodeIgniter.php(824): App\Controllers\Signin->t_register()
#4 E:\xampp\htdocs\cod\system\CodeIgniter.php(410): CodeIgniter\CodeIgniter->runController(Object(App\Controllers\Signin))
#5 E:\xampp\htdocs\cod\system\CodeIgniter.php(318): CodeIgniter\CodeIgniter->handleRequest(NULL, Object(Config\Cache), false)
#6 E:\xampp\htdocs\cod\public\index.php(37): CodeIgniter\CodeIgniter->run()
#7 {main}
CRITICAL - 2021-12-24 23:36:12 --> Invalid file: login/t_register.php
#0 E:\xampp\htdocs\cod\system\View\View.php(198): CodeIgniter\Exceptions\FrameworkException::forInvalidFile('login/t_registe...')
#1 E:\xampp\htdocs\cod\system\Common.php(1097): CodeIgniter\View\View->render('login/t_registe...', Array, true)
#2 E:\xampp\htdocs\cod\app\Controllers\Signin.php(177): view('login/t_registe...')
#3 E:\xampp\htdocs\cod\system\CodeIgniter.php(824): App\Controllers\Signin->t_register()
#4 E:\xampp\htdocs\cod\system\CodeIgniter.php(410): CodeIgniter\CodeIgniter->runController(Object(App\Controllers\Signin))
#5 E:\xampp\htdocs\cod\system\CodeIgniter.php(318): CodeIgniter\CodeIgniter->handleRequest(NULL, Object(Config\Cache), false)
#6 E:\xampp\htdocs\cod\public\index.php(37): CodeIgniter\CodeIgniter->run()
#7 {main}
CRITICAL - 2021-12-24 23:42:00 --> Invalid file: login/t_register.php
#0 E:\xampp\htdocs\cod\system\View\View.php(198): CodeIgniter\Exceptions\FrameworkException::forInvalidFile('login/t_registe...')
#1 E:\xampp\htdocs\cod\system\Common.php(1097): CodeIgniter\View\View->render('login/t_registe...', Array, true)
#2 E:\xampp\htdocs\cod\app\Controllers\Signin.php(177): view('login/t_registe...')
#3 E:\xampp\htdocs\cod\system\CodeIgniter.php(824): App\Controllers\Signin->t_register()
#4 E:\xampp\htdocs\cod\system\CodeIgniter.php(410): CodeIgniter\CodeIgniter->runController(Object(App\Controllers\Signin))
#5 E:\xampp\htdocs\cod\system\CodeIgniter.php(318): CodeIgniter\CodeIgniter->handleRequest(NULL, Object(Config\Cache), false)
#6 E:\xampp\htdocs\cod\public\index.php(37): CodeIgniter\CodeIgniter->run()
#7 {main}
